\BOOKMARK [0][-]{chapter.1}{\376\377\000I\000n\000t\000r\000o\000d\000u\000c\000t\000i\000o\000n}{}% 1
\BOOKMARK [1][-]{section.1.1}{\376\377\000W\000h\000a\000t\000\040\000a\000r\000e\000\040\000T\000h\000e\000s\000e\000\040\000N\000o\000t\000e\000s\000?}{chapter.1}% 2
\BOOKMARK [-1][-]{part.1}{\376\377\000I\000\040\000T\000h\000e\000o\000r\000y}{}% 3
\BOOKMARK [0][-]{chapter.2}{\376\377\000L\000i\000n\000e\000a\000r\000\040\000A\000l\000g\000e\000b\000r\000a}{part.1}% 4
\BOOKMARK [1][-]{section.2.1}{\376\377\000E\000i\000g\000e\000n\000v\000a\000l\000u\000e\000s\000\040\000a\000n\000d\000\040\000E\000i\000g\000e\000n\000v\000e\000c\000t\000o\000r\000s}{chapter.2}% 5
\BOOKMARK [2][-]{subsection.2.1.1}{\376\377\000S\000t\000a\000b\000i\000l\000i\000t\000y}{section.2.1}% 6
\BOOKMARK [1][-]{section.2.2}{\376\377\000L\000i\000n\000e\000a\000r\000\040\000T\000r\000a\000n\000s\000f\000o\000r\000m\000a\000t\000i\000o\000n\000s}{chapter.2}% 7
\BOOKMARK [0][-]{chapter.3}{\376\377\000M\000a\000t\000r\000i\000x\000\040\000C\000a\000l\000c\000u\000l\000u\000s}{part.1}% 8
\BOOKMARK [1][-]{section.3.1}{\376\377\000N\000o\000t\000a\000t\000i\000o\000n}{chapter.3}% 9
\BOOKMARK [1][-]{section.3.2}{\376\377\000R\000e\000t\000h\000i\000n\000k\000i\000n\000g\000\040\000t\000h\000e\000\040\000D\000e\000r\000i\000v\000a\000t\000i\000v\000e}{chapter.3}% 10
\BOOKMARK [1][-]{section.3.3}{\376\377\000S\000o\000m\000e\000\040\000A\000n\000a\000l\000y\000s\000i\000s}{chapter.3}% 11
\BOOKMARK [1][-]{section.3.4}{\376\377\000S\000o\000m\000e\000\040\000G\000e\000o\000m\000e\000t\000r\000y}{chapter.3}% 12
\BOOKMARK [1][-]{section.3.5}{\376\377\000C\000a\000l\000c\000u\000l\000u\000s\000\040\000C\000o\000m\000p\000o\000s\000i\000t\000i\000o\000n\000\040\000R\000u\000l\000e\000s}{chapter.3}% 13
\BOOKMARK [1][-]{section.3.6}{\376\377\000C\000a\000l\000c\000u\000l\000u\000s\000\040\000A\000t\000o\000m\000s}{chapter.3}% 14
\BOOKMARK [2][-]{subsection.3.6.1}{\376\377\000V\000e\000c\000t\000o\000r\000\040\000F\000u\000n\000c\000t\000i\000o\000n\000s}{section.3.6}% 15
\BOOKMARK [2][-]{subsection.3.6.2}{\376\377\000M\000a\000t\000r\000i\000x\000\040\000F\000u\000n\000c\000t\000i\000o\000n\000s}{section.3.6}% 16
\BOOKMARK [2][-]{subsection.3.6.3}{\376\377\000S\000u\000m\000m\000a\000r\000y}{section.3.6}% 17
\BOOKMARK [1][-]{section.3.7}{\376\377\000\050\000B\000o\000n\000u\000s\000\051\000\040\000A\000u\000t\000o\000m\000a\000t\000i\000c\000\040\000D\000i\000f\000f\000e\000r\000e\000n\000t\000i\000a\000t\000i\000o\000n}{chapter.3}% 18
\BOOKMARK [0][-]{chapter.4}{\376\377\000M\000a\000t\000h\000e\000m\000a\000t\000i\000c\000a\000l\000\040\000O\000p\000t\000i\000m\000i\000z\000a\000t\000i\000o\000n}{part.1}% 19
\BOOKMARK [1][-]{section.4.1}{\376\377\000O\000p\000t\000i\000m\000i\000z\000a\000t\000i\000o\000n\000\040\000P\000r\000o\000b\000l\000e\000m\000s}{chapter.4}% 20
\BOOKMARK [1][-]{section.4.2}{\376\377\000B\000a\000s\000i\000c\000\040\000O\000p\000t\000i\000m\000a\000l\000i\000t\000y\000\040\000C\000o\000n\000d\000i\000t\000i\000o\000n\000s}{chapter.4}% 21
\BOOKMARK [1][-]{section.4.3}{\376\377\000L\000i\000n\000e\000a\000r\000\040\000O\000p\000t\000i\000m\000i\000z\000a\000t\000i\000o\000n}{chapter.4}% 22
\BOOKMARK [2][-]{subsection.4.3.1}{\376\377\000R\000e\000f\000o\000r\000m\000u\000l\000a\000t\000i\000o\000n\000s}{section.4.3}% 23
\BOOKMARK [0][-]{chapter.5}{\376\377\000P\000r\000o\000b\000a\000b\000i\000l\000i\000t\000y\000\040\000T\000h\000e\000o\000r\000y}{part.1}% 24
\BOOKMARK [1][-]{section.5.1}{\376\377\000B\000a\000s\000i\000c\000s}{chapter.5}% 25
\BOOKMARK [2][-]{subsection.5.1.1}{\376\377\000P\000r\000o\000b\000a\000b\000i\000l\000i\000s\000t\000i\000c\000s\000\040\000O\000b\000j\000e\000c\000t\000s\000\040\000a\000n\000d\000\040\000N\000o\000t\000a\000t\000i\000o\000n}{section.5.1}% 26
\BOOKMARK [2][-]{subsection.5.1.2}{\376\377\000D\000i\000s\000c\000r\000e\000t\000e\000\040\000P\000r\000o\000b\000a\000b\000i\000l\000i\000s\000t\000i\000c\000\040\000O\000b\000j\000e\000c\000t\000s\000\040\000t\000h\000r\000o\000u\000g\000h\000\040\000a\000\040\000C\000o\000n\000v\000e\000x\000\040\000L\000e\000n\000s}{section.5.1}% 27
\BOOKMARK [1][-]{section.5.2}{\376\377\000S\000e\000t\000s}{chapter.5}% 28
\BOOKMARK [-1][-]{part.2}{\376\377\000I\000I\000\040\000A\000p\000p\000l\000i\000c\000a\000t\000i\000o\000n\000s\000\040\000P\000a\000r\000t\000\040\000I}{}% 29
\BOOKMARK [0][-]{chapter.6}{\376\377\000A\000p\000p\000r\000o\000x\000i\000m\000a\000t\000i\000o\000n\000\040\000a\000n\000d\000\040\000F\000i\000t\000t\000i\000n\000g}{part.2}% 30
\BOOKMARK [1][-]{section.6.1}{\376\377\000F\000o\000r\000e\000c\000a\000s\000t\000i\000n\000g}{chapter.6}% 31
\BOOKMARK [1][-]{section.6.2}{\376\377\000L\000e\000a\000s\000t\000\040\000S\000q\000u\000a\000r\000e\000s\000\040\000D\000a\000t\000a\000\040\000F\000i\000t\000t\000i\000n\000g}{chapter.6}% 32
\BOOKMARK [1][-]{section.6.3}{\376\377\000R\000e\000c\000u\000r\000r\000e\000n\000t\000\040\000N\000e\000u\000r\000a\000l\000\040\000N\000e\000t\000w\000o\000r\000k\000s}{chapter.6}% 33
\BOOKMARK [0][-]{chapter.7}{\376\377\000S\000t\000a\000t\000i\000s\000t\000i\000c\000a\000l\000\040\000E\000s\000t\000i\000m\000a\000t\000i\000o\000n}{part.2}% 34
\BOOKMARK [1][-]{section.7.1}{\376\377\000P\000a\000r\000a\000m\000e\000t\000r\000i\000c\000\040\000D\000i\000s\000t\000r\000i\000b\000u\000t\000i\000o\000n\000\040\000E\000s\000t\000i\000m\000a\000t\000i\000o\000n}{chapter.7}% 35
\BOOKMARK [2][-]{subsection.7.1.1}{\376\377\000M\000a\000x\000i\000m\000u\000m\000\040\000L\000i\000k\000e\000l\000i\000h\000o\000o\000d}{section.7.1}% 36
\BOOKMARK [-1][-]{part.3}{\376\377\000I\000I\000I\000\040\000A\000p\000p\000l\000i\000c\000a\000t\000i\000o\000n\000s\000\040\000P\000a\000r\000t\000\040\000I\000I}{}% 37
\BOOKMARK [0][-]{chapter.8}{\376\377\000C\000o\000n\000t\000r\000o\000l}{part.3}% 38
\BOOKMARK [1][-]{section.8.1}{\376\377\000O\000v\000e\000r\000v\000i\000e\000w}{chapter.8}% 39
\BOOKMARK [1][-]{section.8.2}{\376\377\000O\000p\000t\000i\000m\000a\000l\000\040\000D\000e\000s\000i\000g\000n}{chapter.8}% 40
\BOOKMARK [1][-]{section.8.3}{\376\377\000B\000a\000s\000i\000c\000\040\000E\000x\000a\000m\000p\000l\000e\000s}{chapter.8}% 41
\BOOKMARK [1][-]{section.8.4}{\376\377\000M\000o\000d\000e\000l\000\040\000P\000r\000e\000d\000i\000c\000t\000i\000v\000e\000\040\000C\000o\000n\000t\000r\000o\000l}{chapter.8}% 42
\BOOKMARK [2][-]{subsection.8.4.1}{\376\377\000E\000x\000a\000m\000p\000l\000e\000s}{section.8.4}% 43
\BOOKMARK [-1][-]{part.4}{\376\377\000I\000V\000\040\000A\000l\000g\000o\000r\000i\000t\000h\000m\000s}{}% 44
\BOOKMARK [0][-]{chapter.9}{\376\377\000N\000u\000m\000e\000r\000i\000c\000a\000l\000\040\000L\000i\000n\000e\000a\000r\000\040\000A\000l\000g\000e\000b\000r\000a}{part.4}% 45
\BOOKMARK [1][-]{section.9.1}{\376\377\000Q\000R\000\040\000F\000a\000c\000t\000o\000r\000i\000z\000a\000t\000i\000o\000n}{chapter.9}% 46
\BOOKMARK [0][-]{appendix.A}{\376\377\000I\000m\000p\000l\000e\000m\000e\000n\000t\000a\000t\000i\000o\000n}{part.4}% 47
\BOOKMARK [1][-]{section.A.1}{\376\377\000C\000V\000X\000P\000Y}{appendix.A}% 48
\BOOKMARK [2][-]{subsection.A.1.1}{\376\377\000S\000i\000m\000u\000l\000a\000t\000i\000n\000g\000\040\000\050\000L\000i\000n\000e\000a\000r\000\051\000\040\000D\000y\000n\000a\000m\000i\000c\000a\000l\000\040\000S\000y\000s\000t\000e\000m\000s}{section.A.1}% 49
\BOOKMARK [1][-]{section.A.2}{\376\377\000C\000+\000+}{appendix.A}% 50
